<?xml version="1.0" encoding="UTF-8"?>
<!-- Generated by org.testng.reporters.JUnitReportReporter -->
<testsuite hostname="dv-lt-n-20334" name="com.inetbanking.testCases.TC_LoginTest_001" tests="2" failures="0" timestamp="24 Jul 2021 10:06:22 GMT" time="4.537" errors="0">
  <testcase name="loginTest" time="2.266" classname="com.inetbanking.testCases.TC_LoginTest_001"/>
  <testcase name="loginTest" time="2.271" classname="com.inetbanking.testCases.TC_LoginTest_001"/>
</testsuite> <!-- com.inetbanking.testCases.TC_LoginTest_001 -->
