<?xml version="1.0" encoding="UTF-8"?>
<!-- Generated by org.testng.reporters.JUnitReportReporter -->
<testsuite hostname="dv-lt-n-20334" name="com.inetbanking.testCases.TC_AddCustomerTest_003" tests="1" failures="0" timestamp="24 Jul 2021 10:06:22 GMT" time="15.855" errors="0">
  <testcase name="addNewCustomer" time="15.855" classname="com.inetbanking.testCases.TC_AddCustomerTest_003"/>
</testsuite> <!-- com.inetbanking.testCases.TC_AddCustomerTest_003 -->
