<?xml version="1.0" encoding="UTF-8"?>
<testsuite xmlns:xsi="http://www.w3.org/2001/XMLSchema-instance" xsi:noNamespaceSchemaLocation="https://maven.apache.org/surefire/maven-surefire-plugin/xsd/surefire-test-report-3.0.xsd" version="3.0" name="TestSuite" time="30.789" tests="2" errors="0" skipped="0" failures="0">
  <properties>
    <property name="sun.desktop" value="gnome"/>
    <property name="awt.toolkit" value="sun.awt.X11.XToolkit"/>
    <property name="file.encoding.pkg" value="sun.io"/>
    <property name="java.specification.version" value="1.8"/>
    <property name="webdriver.chrome.driver" value="./Drivers/chromedriver"/>
    <property name="sun.cpu.isalist" value=""/>
    <property name="sun.jnu.encoding" value="UTF-8"/>
    <property name="java.class.path" value="/home/delhivery/workspace/inetBankingV1/target/test-classes:/home/delhivery/workspace/inetBankingV1/target/classes:/home/delhivery/.m2/repository/junit/junit/3.8.1/junit-3.8.1.jar:/home/delhivery/.m2/repository/org/seleniumhq/selenium/selenium-java/3.14.0/selenium-java-3.14.0.jar:/home/delhivery/.m2/repository/org/seleniumhq/selenium/selenium-api/3.14.0/selenium-api-3.14.0.jar:/home/delhivery/.m2/repository/org/seleniumhq/selenium/selenium-chrome-driver/3.14.0/selenium-chrome-driver-3.14.0.jar:/home/delhivery/.m2/repository/org/seleniumhq/selenium/selenium-edge-driver/3.14.0/selenium-edge-driver-3.14.0.jar:/home/delhivery/.m2/repository/org/seleniumhq/selenium/selenium-firefox-driver/3.14.0/selenium-firefox-driver-3.14.0.jar:/home/delhivery/.m2/repository/org/seleniumhq/selenium/selenium-ie-driver/3.14.0/selenium-ie-driver-3.14.0.jar:/home/delhivery/.m2/repository/org/seleniumhq/selenium/selenium-opera-driver/3.14.0/selenium-opera-driver-3.14.0.jar:/home/delhivery/.m2/repository/org/seleniumhq/selenium/selenium-remote-driver/3.14.0/selenium-remote-driver-3.14.0.jar:/home/delhivery/.m2/repository/org/seleniumhq/selenium/selenium-safari-driver/3.14.0/selenium-safari-driver-3.14.0.jar:/home/delhivery/.m2/repository/org/seleniumhq/selenium/selenium-support/3.14.0/selenium-support-3.14.0.jar:/home/delhivery/.m2/repository/net/bytebuddy/byte-buddy/1.8.15/byte-buddy-1.8.15.jar:/home/delhivery/.m2/repository/org/apache/commons/commons-exec/1.3/commons-exec-1.3.jar:/home/delhivery/.m2/repository/commons-codec/commons-codec/1.10/commons-codec-1.10.jar:/home/delhivery/.m2/repository/commons-logging/commons-logging/1.2/commons-logging-1.2.jar:/home/delhivery/.m2/repository/com/google/guava/guava/25.0-jre/guava-25.0-jre.jar:/home/delhivery/.m2/repository/com/google/code/findbugs/jsr305/1.3.9/jsr305-1.3.9.jar:/home/delhivery/.m2/repository/org/checkerframework/checker-compat-qual/2.0.0/checker-compat-qual-2.0.0.jar:/home/delhivery/.m2/repository/com/google/errorprone/error_prone_annotations/2.1.3/error_prone_annotations-2.1.3.jar:/home/delhivery/.m2/repository/com/google/j2objc/j2objc-annotations/1.1/j2objc-annotations-1.1.jar:/home/delhivery/.m2/repository/org/codehaus/mojo/animal-sniffer-annotations/1.14/animal-sniffer-annotations-1.14.jar:/home/delhivery/.m2/repository/org/apache/httpcomponents/httpclient/4.5.5/httpclient-4.5.5.jar:/home/delhivery/.m2/repository/org/apache/httpcomponents/httpcore/4.4.9/httpcore-4.4.9.jar:/home/delhivery/.m2/repository/com/squareup/okhttp3/okhttp/3.10.0/okhttp-3.10.0.jar:/home/delhivery/.m2/repository/com/squareup/okio/okio/1.14.1/okio-1.14.1.jar:/home/delhivery/.m2/repository/org/testng/testng/6.9.10/testng-6.9.10.jar:/home/delhivery/.m2/repository/com/beust/jcommander/1.48/jcommander-1.48.jar:/home/delhivery/.m2/repository/org/beanshell/bsh/2.0b4/bsh-2.0b4.jar:/home/delhivery/.m2/repository/org/apache/poi/poi/3.17/poi-3.17.jar:/home/delhivery/.m2/repository/org/apache/commons/commons-collections4/4.1/commons-collections4-4.1.jar:/home/delhivery/.m2/repository/org/apache/poi/poi-ooxml/3.17/poi-ooxml-3.17.jar:/home/delhivery/.m2/repository/org/apache/poi/poi-ooxml-schemas/3.17/poi-ooxml-schemas-3.17.jar:/home/delhivery/.m2/repository/org/apache/xmlbeans/xmlbeans/2.6.0/xmlbeans-2.6.0.jar:/home/delhivery/.m2/repository/stax/stax-api/1.0.1/stax-api-1.0.1.jar:/home/delhivery/.m2/repository/com/github/virtuald/curvesapi/1.04/curvesapi-1.04.jar:/home/delhivery/.m2/repository/com/aventstack/extentreports/3.1.2/extentreports-3.1.2.jar:/home/delhivery/.m2/repository/org/freemarker/freemarker/2.3.23/freemarker-2.3.23.jar:/home/delhivery/.m2/repository/org/mongodb/mongodb-driver/3.3.0/mongodb-driver-3.3.0.jar:/home/delhivery/.m2/repository/org/mongodb/bson/3.3.0/bson-3.3.0.jar:/home/delhivery/.m2/repository/org/mongodb/mongodb-driver-core/3.3.0/mongodb-driver-core-3.3.0.jar:/home/delhivery/.m2/repository/org/apache/httpcomponents/httpmime/4.5.2/httpmime-4.5.2.jar:/home/delhivery/.m2/repository/org/jsoup/jsoup/1.9.2/jsoup-1.9.2.jar:/home/delhivery/.m2/repository/com/google/code/gson/gson/2.8.0/gson-2.8.0.jar:/home/delhivery/.m2/repository/org/apache/commons/commons-lang3/3.0/commons-lang3-3.0.jar:/home/delhivery/.m2/repository/commons-io/commons-io/1.3.2/commons-io-1.3.2.jar:/home/delhivery/.m2/repository/log4j/log4j/1.2.17/log4j-1.2.17.jar:"/>
    <property name="java.vm.vendor" value="Private Build"/>
    <property name="sun.arch.data.model" value="64"/>
    <property name="java.vendor.url" value="http://java.oracle.com/"/>
    <property name="user.timezone" value="Asia/Kolkata"/>
    <property name="java.vm.specification.version" value="1.8"/>
    <property name="os.name" value="Linux"/>
    <property name="user.country" value="IN"/>
    <property name="sun.java.launcher" value="SUN_STANDARD"/>
    <property name="sun.boot.library.path" value="/usr/lib/jvm/java-8-openjdk-amd64/jre/lib/amd64"/>
    <property name="sun.java.command" value="/home/delhivery/workspace/inetBankingV1/target/surefire/surefirebooter4923810588094716895.jar /home/delhivery/workspace/inetBankingV1/target/surefire 2021-08-11T15-21-45_274-jvmRun1 surefire1124453330016476911tmp surefire_01165525980055994356tmp"/>
    <property name="surefire.test.class.path" value="/home/delhivery/workspace/inetBankingV1/target/test-classes:/home/delhivery/workspace/inetBankingV1/target/classes:/home/delhivery/.m2/repository/junit/junit/3.8.1/junit-3.8.1.jar:/home/delhivery/.m2/repository/org/seleniumhq/selenium/selenium-java/3.14.0/selenium-java-3.14.0.jar:/home/delhivery/.m2/repository/org/seleniumhq/selenium/selenium-api/3.14.0/selenium-api-3.14.0.jar:/home/delhivery/.m2/repository/org/seleniumhq/selenium/selenium-chrome-driver/3.14.0/selenium-chrome-driver-3.14.0.jar:/home/delhivery/.m2/repository/org/seleniumhq/selenium/selenium-edge-driver/3.14.0/selenium-edge-driver-3.14.0.jar:/home/delhivery/.m2/repository/org/seleniumhq/selenium/selenium-firefox-driver/3.14.0/selenium-firefox-driver-3.14.0.jar:/home/delhivery/.m2/repository/org/seleniumhq/selenium/selenium-ie-driver/3.14.0/selenium-ie-driver-3.14.0.jar:/home/delhivery/.m2/repository/org/seleniumhq/selenium/selenium-opera-driver/3.14.0/selenium-opera-driver-3.14.0.jar:/home/delhivery/.m2/repository/org/seleniumhq/selenium/selenium-remote-driver/3.14.0/selenium-remote-driver-3.14.0.jar:/home/delhivery/.m2/repository/org/seleniumhq/selenium/selenium-safari-driver/3.14.0/selenium-safari-driver-3.14.0.jar:/home/delhivery/.m2/repository/org/seleniumhq/selenium/selenium-support/3.14.0/selenium-support-3.14.0.jar:/home/delhivery/.m2/repository/net/bytebuddy/byte-buddy/1.8.15/byte-buddy-1.8.15.jar:/home/delhivery/.m2/repository/org/apache/commons/commons-exec/1.3/commons-exec-1.3.jar:/home/delhivery/.m2/repository/commons-codec/commons-codec/1.10/commons-codec-1.10.jar:/home/delhivery/.m2/repository/commons-logging/commons-logging/1.2/commons-logging-1.2.jar:/home/delhivery/.m2/repository/com/google/guava/guava/25.0-jre/guava-25.0-jre.jar:/home/delhivery/.m2/repository/com/google/code/findbugs/jsr305/1.3.9/jsr305-1.3.9.jar:/home/delhivery/.m2/repository/org/checkerframework/checker-compat-qual/2.0.0/checker-compat-qual-2.0.0.jar:/home/delhivery/.m2/repository/com/google/errorprone/error_prone_annotations/2.1.3/error_prone_annotations-2.1.3.jar:/home/delhivery/.m2/repository/com/google/j2objc/j2objc-annotations/1.1/j2objc-annotations-1.1.jar:/home/delhivery/.m2/repository/org/codehaus/mojo/animal-sniffer-annotations/1.14/animal-sniffer-annotations-1.14.jar:/home/delhivery/.m2/repository/org/apache/httpcomponents/httpclient/4.5.5/httpclient-4.5.5.jar:/home/delhivery/.m2/repository/org/apache/httpcomponents/httpcore/4.4.9/httpcore-4.4.9.jar:/home/delhivery/.m2/repository/com/squareup/okhttp3/okhttp/3.10.0/okhttp-3.10.0.jar:/home/delhivery/.m2/repository/com/squareup/okio/okio/1.14.1/okio-1.14.1.jar:/home/delhivery/.m2/repository/org/testng/testng/6.9.10/testng-6.9.10.jar:/home/delhivery/.m2/repository/com/beust/jcommander/1.48/jcommander-1.48.jar:/home/delhivery/.m2/repository/org/beanshell/bsh/2.0b4/bsh-2.0b4.jar:/home/delhivery/.m2/repository/org/apache/poi/poi/3.17/poi-3.17.jar:/home/delhivery/.m2/repository/org/apache/commons/commons-collections4/4.1/commons-collections4-4.1.jar:/home/delhivery/.m2/repository/org/apache/poi/poi-ooxml/3.17/poi-ooxml-3.17.jar:/home/delhivery/.m2/repository/org/apache/poi/poi-ooxml-schemas/3.17/poi-ooxml-schemas-3.17.jar:/home/delhivery/.m2/repository/org/apache/xmlbeans/xmlbeans/2.6.0/xmlbeans-2.6.0.jar:/home/delhivery/.m2/repository/stax/stax-api/1.0.1/stax-api-1.0.1.jar:/home/delhivery/.m2/repository/com/github/virtuald/curvesapi/1.04/curvesapi-1.04.jar:/home/delhivery/.m2/repository/com/aventstack/extentreports/3.1.2/extentreports-3.1.2.jar:/home/delhivery/.m2/repository/org/freemarker/freemarker/2.3.23/freemarker-2.3.23.jar:/home/delhivery/.m2/repository/org/mongodb/mongodb-driver/3.3.0/mongodb-driver-3.3.0.jar:/home/delhivery/.m2/repository/org/mongodb/bson/3.3.0/bson-3.3.0.jar:/home/delhivery/.m2/repository/org/mongodb/mongodb-driver-core/3.3.0/mongodb-driver-core-3.3.0.jar:/home/delhivery/.m2/repository/org/apache/httpcomponents/httpmime/4.5.2/httpmime-4.5.2.jar:/home/delhivery/.m2/repository/org/jsoup/jsoup/1.9.2/jsoup-1.9.2.jar:/home/delhivery/.m2/repository/com/google/code/gson/gson/2.8.0/gson-2.8.0.jar:/home/delhivery/.m2/repository/org/apache/commons/commons-lang3/3.0/commons-lang3-3.0.jar:/home/delhivery/.m2/repository/commons-io/commons-io/1.3.2/commons-io-1.3.2.jar:/home/delhivery/.m2/repository/log4j/log4j/1.2.17/log4j-1.2.17.jar:"/>
    <property name="sun.cpu.endian" value="little"/>
    <property name="user.home" value="/home/delhivery"/>
    <property name="user.language" value="en"/>
    <property name="java.specification.vendor" value="Oracle Corporation"/>
    <property name="java.home" value="/usr/lib/jvm/java-8-openjdk-amd64/jre"/>
    <property name="basedir" value="/home/delhivery/workspace/inetBankingV1"/>
    <property name="file.separator" value="/"/>
    <property name="line.separator" value="&#10;"/>
    <property name="java.vm.specification.vendor" value="Oracle Corporation"/>
    <property name="java.specification.name" value="Java Platform API Specification"/>
    <property name="java.awt.graphicsenv" value="sun.awt.X11GraphicsEnvironment"/>
    <property name="surefire.real.class.path" value="/home/delhivery/workspace/inetBankingV1/target/surefire/surefirebooter4923810588094716895.jar"/>
    <property name="sun.boot.class.path" value="/usr/lib/jvm/java-8-openjdk-amd64/jre/lib/resources.jar:/usr/lib/jvm/java-8-openjdk-amd64/jre/lib/rt.jar:/usr/lib/jvm/java-8-openjdk-amd64/jre/lib/sunrsasign.jar:/usr/lib/jvm/java-8-openjdk-amd64/jre/lib/jsse.jar:/usr/lib/jvm/java-8-openjdk-amd64/jre/lib/jce.jar:/usr/lib/jvm/java-8-openjdk-amd64/jre/lib/charsets.jar:/usr/lib/jvm/java-8-openjdk-amd64/jre/lib/jfr.jar:/usr/lib/jvm/java-8-openjdk-amd64/jre/classes"/>
    <property name="sun.management.compiler" value="HotSpot 64-Bit Tiered Compilers"/>
    <property name="java.runtime.version" value="1.8.0_292-8u292-b10-0ubuntu1~18.04-b10"/>
    <property name="user.name" value="delhivery"/>
    <property name="path.separator" value=":"/>
    <property name="os.version" value="5.4.0-73-generic"/>
    <property name="java.endorsed.dirs" value="/usr/lib/jvm/java-8-openjdk-amd64/jre/lib/endorsed"/>
    <property name="java.runtime.name" value="OpenJDK Runtime Environment"/>
    <property name="file.encoding" value="UTF-8"/>
    <property name="java.vm.name" value="OpenJDK 64-Bit Server VM"/>
    <property name="localRepository" value="/home/delhivery/.m2/repository"/>
    <property name="java.vendor.url.bug" value="http://bugreport.sun.com/bugreport/"/>
    <property name="java.io.tmpdir" value="/tmp"/>
    <property name="java.version" value="1.8.0_292"/>
    <property name="user.dir" value="/home/delhivery/workspace/inetBankingV1"/>
    <property name="os.arch" value="amd64"/>
    <property name="java.vm.specification.name" value="Java Virtual Machine Specification"/>
    <property name="java.awt.printerjob" value="sun.print.PSPrinterJob"/>
    <property name="sun.os.patch.level" value="unknown"/>
    <property name="java.library.path" value="/usr/java/packages/lib/amd64:/usr/lib/x86_64-linux-gnu/jni:/lib/x86_64-linux-gnu:/usr/lib/x86_64-linux-gnu:/usr/lib/jni:/lib:/usr/lib"/>
    <property name="java.vm.info" value="mixed mode"/>
    <property name="java.vendor" value="Private Build"/>
    <property name="java.vm.version" value="25.292-b10"/>
    <property name="java.ext.dirs" value="/usr/lib/jvm/java-8-openjdk-amd64/jre/lib/ext:/usr/java/packages/lib/ext"/>
    <property name="sun.io.unicode.encoding" value="UnicodeLittle"/>
    <property name="java.class.version" value="52.0"/>
  </properties>
  <testcase name="loginTest" classname="com.inetbanking.testCases.TC_LoginTest_001" time="1.412">
    <system-out><![CDATA[ INFO [main] (TC_LoginTest_001.java:15)- URL is opened
 INFO [main] (TC_LoginTest_001.java:20)- Entered Username
 INFO [main] (TC_LoginTest_001.java:23)- Entered Password
 INFO [main] (TC_LoginTest_001.java:30)- Login test passed
]]></system-out>
    <system-err><![CDATA[Starting ChromeDriver 90.0.4430.24 (4c6d850f087da467d926e8eddb76550aed655991-refs/branch-heads/4430@{#429}) on port 3514
Only local connections are allowed.
Please see https://chromedriver.chromium.org/security-considerations for suggestions on keeping ChromeDriver safe.
ChromeDriver was started successfully.
Aug 11, 2021 3:21:47 PM org.openqa.selenium.remote.ProtocolHandshake createSession
INFO: Detected dialect: W3C
]]></system-err>
  </testcase>
  <testcase name="addNewCustomer" classname="com.inetbanking.testCases.TC_AddCustomerTest_003" time="19.308">
    <system-out><![CDATA[ INFO [main] (TC_AddCustomerTest_003.java:19)- username is provided
 INFO [main] (TC_AddCustomerTest_003.java:21)- password is provided
 INFO [main] (TC_AddCustomerTest_003.java:29)- providing customer details...
 INFO [main] (TC_AddCustomerTest_003.java:48)- validation started...
 INFO [main] (TC_AddCustomerTest_003.java:55)- test case passed...
]]></system-out>
    <system-err><![CDATA[Starting ChromeDriver 90.0.4430.24 (4c6d850f087da467d926e8eddb76550aed655991-refs/branch-heads/4430@{#429}) on port 19711
Only local connections are allowed.
Please see https://chromedriver.chromium.org/security-considerations for suggestions on keeping ChromeDriver safe.
ChromeDriver was started successfully.
Aug 11, 2021 3:21:53 PM org.openqa.selenium.remote.ProtocolHandshake createSession
INFO: Detected dialect: W3C
]]></system-err>
  </testcase>
</testsuite>