<?xml version="1.0" encoding="UTF-8"?>
<!-- Generated by org.testng.reporters.JUnitReportReporter -->
<testsuite hostname="dv-lt-n-20334" name="com.inetbanking.testCases.TC_AddCustomerTest_003" tests="1" failures="0" timestamp="11 Aug 2021 09:45:33 GMT" time="18.897" errors="0">
  <testcase name="addNewCustomer" time="18.897" classname="com.inetbanking.testCases.TC_AddCustomerTest_003"/>
</testsuite> <!-- com.inetbanking.testCases.TC_AddCustomerTest_003 -->
