<?xml version="1.0" encoding="UTF-8"?>
<!-- Generated by org.testng.reporters.JUnitReportReporter -->
<testsuite hostname="dv-lt-n-20334" name="com.inetbanking.testCases.TC_LoginTest_001" tests="1" failures="0" timestamp="11 Aug 2021 09:52:17 GMT" time="1.432" errors="0">
  <testcase name="loginTest" time="1.432" classname="com.inetbanking.testCases.TC_LoginTest_001"/>
</testsuite> <!-- com.inetbanking.testCases.TC_LoginTest_001 -->
